2016-03-03 14:33:16,794 [main] INFO  c.g.e.m.h.c.ui.Html5AppCoreUIPlugin - Pluging started
2016-03-03 14:33:21,695 [Worker-2] INFO  o.e.m.c.i.i.nexus.NexusIndexManager - Updating index for repository: central|http://repo.maven.apache.org/maven2
2016-03-03 14:33:21,885 [Worker-2] INFO  c.n.h.c.p.n.NettyAsyncHttpProvider - Number of application's worked threads is 8
2016-03-03 14:35:00,862 [ModalContext] WARN  o.e.m.i.discovery.MavenDiscovery - CatalogItem org.eclipse.m2e.discovery.lifecyclemapping.m2e-egit does not contain lifecycle mapping metadata
2016-03-03 14:35:00,864 [ModalContext] WARN  o.e.m.i.discovery.MavenDiscovery - CatalogItem org.eclipse.m2e.discovery.lifecyclemapping.m2e-subversive does not contain lifecycle mapping metadata
2016-03-03 14:35:00,866 [ModalContext] WARN  o.e.m.i.discovery.MavenDiscovery - CatalogItem org.eclipse.m2e.discovery.lifecyclemapping.m2e-subclipse does not contain lifecycle mapping metadata
2016-03-03 14:35:05,637 [Worker-4] INFO  o.e.m.c.i.l.LifecycleMappingFactory - Using org.eclipse.m2e.jdt.JarLifecycleMapping lifecycle mapping for MavenProject: com.cheyooh:cs-service-dal:1.1.6-SNAPSHOT @ D:\magicbirds\SVN\leyosdk\cs-commons\cs-service-dal\pom.xml.
2016-03-03 14:35:06,982 [Worker-3] INFO  o.e.m.c.i.l.LifecycleMappingFactory - Using org.eclipse.m2e.jdt.JarLifecycleMapping lifecycle mapping for MavenProject: com.cheyooh:cs-service-dal:1.1.6-SNAPSHOT @ D:\magicbirds\SVN\leyosdk\cs-commons\cs-service-dal\pom.xml.
2016-03-03 14:35:07,107 [Worker-4] INFO  o.e.m.j.i.AbstractJavaProjectConfigurator - Adding source folder /cs-service-dal/src/main/java
2016-03-03 14:35:07,108 [Worker-4] INFO  o.e.m.j.i.AbstractJavaProjectConfigurator - Adding resource folder /cs-service-dal/src/main/resources
2016-03-03 14:35:07,109 [Worker-4] INFO  o.e.m.j.i.AbstractJavaProjectConfigurator - Adding source folder /cs-service-dal/src/test/java
2016-03-03 14:35:07,109 [Worker-4] INFO  o.e.m.j.i.AbstractJavaProjectConfigurator - Adding resource folder /cs-service-dal/src/test/resources
2016-03-03 14:35:07,229 [Worker-4] INFO  o.e.m.c.i.p.ProjectConfigurationManager - Project import completed 2 sec
2016-03-03 14:35:07,510 [Worker-6] INFO  o.e.m.c.i.p.ProjectConfigurationManager - Update started
2016-03-03 14:35:07,511 [Worker-6] INFO  o.e.m.c.i.p.ProjectConfigurationManager - Update completed: 0 sec
2016-03-03 14:35:08,538 [Worker-0] INFO  o.e.m.c.i.embedder.EclipseLogger - Using 'UTF-8' encoding to copy filtered resources.
2016-03-03 14:35:08,542 [Worker-0] INFO  o.e.m.c.i.embedder.EclipseLogger - Copying 0 resource
2016-03-03 14:35:08,546 [Worker-0] INFO  o.e.m.c.i.embedder.EclipseLogger - Using 'UTF-8' encoding to copy filtered resources.
2016-03-03 14:35:08,549 [Worker-0] INFO  o.e.m.c.i.embedder.EclipseLogger - Copying 17 resources
2016-03-03 14:35:08,619 [Worker-3] INFO  o.e.m.c.i.l.LifecycleMappingFactory - Using org.eclipse.m2e.jdt.JarLifecycleMapping lifecycle mapping for MavenProject: com.cheyooh:cs-service-dal:1.1.6-SNAPSHOT @ D:\magicbirds\SVN\leyosdk\cs-commons\cs-service-dal\pom.xml.
2016-03-03 14:35:09,768 [Worker-4] INFO  o.e.m.c.i.embedder.EclipseLogger - Using 'UTF-8' encoding to copy filtered resources.
2016-03-03 14:35:09,769 [Worker-4] INFO  o.e.m.c.i.embedder.EclipseLogger - Copying 0 resource
2016-03-03 14:35:09,771 [Worker-4] INFO  o.e.m.c.i.embedder.EclipseLogger - Using 'UTF-8' encoding to copy filtered resources.
2016-03-03 14:35:09,771 [Worker-4] INFO  o.e.m.c.i.embedder.EclipseLogger - Copying 0 resource
2016-03-03 14:35:22,697 [Worker-7] INFO  o.e.m.c.i.l.LifecycleMappingFactory - Using org.eclipse.m2e.jdt.JarLifecycleMapping lifecycle mapping for MavenProject: com.cheyooh:cs-service-framework:1.1.0-SNAPSHOT @ D:\magicbirds\SVN\leyosdk\cs-commons\cs-service-framework\pom.xml.
2016-03-03 14:35:22,998 [Worker-7] INFO  o.e.m.j.i.AbstractJavaProjectConfigurator - Adding source folder /cs-service-framework/src/main/java
2016-03-03 14:35:22,998 [Worker-7] INFO  o.e.m.j.i.AbstractJavaProjectConfigurator - Adding resource folder /cs-service-framework/src/main/resources
2016-03-03 14:35:22,998 [Worker-7] INFO  o.e.m.j.i.AbstractJavaProjectConfigurator - Adding source folder /cs-service-framework/src/test/java
2016-03-03 14:35:22,998 [Worker-7] INFO  o.e.m.j.i.AbstractJavaProjectConfigurator - Adding resource folder /cs-service-framework/src/test/resources
2016-03-03 14:35:23,043 [Worker-7] INFO  o.e.m.c.i.p.ProjectConfigurationManager - Project import completed 0 sec
2016-03-03 14:35:23,124 [Worker-7] INFO  o.e.m.c.i.p.ProjectConfigurationManager - Update started
2016-03-03 14:35:23,124 [Worker-7] INFO  o.e.m.c.i.p.ProjectConfigurationManager - Update completed: 0 sec
2016-03-03 14:35:23,606 [Worker-7] INFO  o.e.m.c.i.l.LifecycleMappingFactory - Using org.eclipse.m2e.jdt.JarLifecycleMapping lifecycle mapping for MavenProject: com.cheyooh:cs-service-framework:1.1.0-SNAPSHOT @ D:\magicbirds\SVN\leyosdk\cs-commons\cs-service-framework\pom.xml.
2016-03-03 14:35:23,821 [Worker-0] INFO  o.e.m.c.i.embedder.EclipseLogger - Using 'UTF-8' encoding to copy filtered resources.
2016-03-03 14:35:23,822 [Worker-0] INFO  o.e.m.c.i.embedder.EclipseLogger - Copying 0 resource
2016-03-03 14:35:23,823 [Worker-0] INFO  o.e.m.c.i.embedder.EclipseLogger - Using 'UTF-8' encoding to copy filtered resources.
2016-03-03 14:35:23,824 [Worker-0] INFO  o.e.m.c.i.embedder.EclipseLogger - Copying 0 resource
2016-03-03 14:35:25,698 [Worker-4] INFO  o.e.m.c.i.embedder.EclipseLogger - Using 'UTF-8' encoding to copy filtered resources.
2016-03-03 14:35:25,698 [Worker-4] INFO  o.e.m.c.i.embedder.EclipseLogger - Copying 0 resource
2016-03-03 14:35:25,699 [Worker-4] INFO  o.e.m.c.i.embedder.EclipseLogger - Using 'UTF-8' encoding to copy filtered resources.
2016-03-03 14:35:25,700 [Worker-4] INFO  o.e.m.c.i.embedder.EclipseLogger - Copying 0 resource
2016-03-03 14:35:44,788 [Worker-3] INFO  o.e.m.c.i.l.LifecycleMappingFactory - Using org.eclipse.m2e.jdt.JarLifecycleMapping lifecycle mapping for MavenProject: com.cheyooh:cs-tools:1.1.0-SNAPSHOT @ D:\magicbirds\SVN\leyosdk\cs-commons\cs-tools\pom.xml.
2016-03-03 14:35:44,869 [Worker-3] INFO  o.e.m.c.i.l.LifecycleMappingFactory - Using org.eclipse.m2e.jdt.JarLifecycleMapping lifecycle mapping for MavenProject: com.cheyooh:cs-service-dal:1.1.6-SNAPSHOT @ D:\magicbirds\SVN\leyosdk\cs-commons\cs-service-dal\pom.xml.
2016-03-03 14:35:44,912 [Worker-3] INFO  o.e.m.c.i.l.LifecycleMappingFactory - Using org.eclipse.m2e.jdt.JarLifecycleMapping lifecycle mapping for MavenProject: com.cheyooh:cs-service-framework:1.1.0-SNAPSHOT @ D:\magicbirds\SVN\leyosdk\cs-commons\cs-service-framework\pom.xml.
2016-03-03 14:35:45,078 [Worker-3] INFO  o.e.m.j.i.AbstractJavaProjectConfigurator - Adding source folder /cs-tools/src/main/java
2016-03-03 14:35:45,078 [Worker-3] INFO  o.e.m.j.i.AbstractJavaProjectConfigurator - Adding resource folder /cs-tools/src/main/resources
2016-03-03 14:35:45,078 [Worker-3] INFO  o.e.m.j.i.AbstractJavaProjectConfigurator - Adding source folder /cs-tools/src/test/java
2016-03-03 14:35:45,078 [Worker-3] INFO  o.e.m.j.i.AbstractJavaProjectConfigurator - Adding resource folder /cs-tools/src/test/resources
2016-03-03 14:35:45,118 [Worker-3] INFO  o.e.m.c.i.p.ProjectConfigurationManager - Project import completed 0 sec
2016-03-03 14:35:45,167 [Worker-5] INFO  o.e.m.c.i.p.ProjectConfigurationManager - Update started
2016-03-03 14:35:45,168 [Worker-5] INFO  o.e.m.c.i.p.ProjectConfigurationManager - Update completed: 0 sec
2016-03-03 14:35:45,350 [Worker-8] INFO  o.e.m.c.i.embedder.EclipseLogger - Using 'UTF-8' encoding to copy filtered resources.
2016-03-03 14:35:45,350 [Worker-8] INFO  o.e.m.c.i.embedder.EclipseLogger - Copying 0 resource
2016-03-03 14:35:45,352 [Worker-8] INFO  o.e.m.c.i.embedder.EclipseLogger - Using 'UTF-8' encoding to copy filtered resources.
2016-03-03 14:35:45,352 [Worker-8] INFO  o.e.m.c.i.embedder.EclipseLogger - Copying 0 resource
2016-03-03 14:35:45,360 [Worker-8] INFO  o.e.m.c.i.embedder.EclipseLogger - Using 'UTF-8' encoding to copy filtered resources.
2016-03-03 14:35:45,360 [Worker-8] INFO  o.e.m.c.i.embedder.EclipseLogger - Copying 0 resource
2016-03-03 14:35:45,361 [Worker-8] INFO  o.e.m.c.i.embedder.EclipseLogger - Using 'UTF-8' encoding to copy filtered resources.
2016-03-03 14:35:45,361 [Worker-8] INFO  o.e.m.c.i.embedder.EclipseLogger - Copying 0 resource
2016-03-03 14:35:45,828 [Worker-3] INFO  o.e.m.c.i.l.LifecycleMappingFactory - Using org.eclipse.m2e.jdt.JarLifecycleMapping lifecycle mapping for MavenProject: com.cheyooh:cs-tools:1.1.0-SNAPSHOT @ D:\magicbirds\SVN\leyosdk\cs-commons\cs-tools\pom.xml.
2016-03-03 14:35:46,153 [Worker-8] INFO  o.e.m.c.i.embedder.EclipseLogger - Using 'UTF-8' encoding to copy filtered resources.
2016-03-03 14:35:46,153 [Worker-8] INFO  o.e.m.c.i.embedder.EclipseLogger - Copying 0 resource
2016-03-03 14:35:46,154 [Worker-8] INFO  o.e.m.c.i.embedder.EclipseLogger - Using 'UTF-8' encoding to copy filtered resources.
2016-03-03 14:35:46,155 [Worker-8] INFO  o.e.m.c.i.embedder.EclipseLogger - Copying 0 resource
2016-03-03 14:35:47,273 [Worker-4] INFO  o.e.m.c.i.embedder.EclipseLogger - Using 'UTF-8' encoding to copy filtered resources.
2016-03-03 14:35:47,273 [Worker-4] INFO  o.e.m.c.i.embedder.EclipseLogger - Copying 0 resource
2016-03-03 14:35:47,275 [Worker-4] INFO  o.e.m.c.i.embedder.EclipseLogger - Using 'UTF-8' encoding to copy filtered resources.
2016-03-03 14:35:47,276 [Worker-4] INFO  o.e.m.c.i.embedder.EclipseLogger - Copying 0 resource
2016-03-03 14:40:47,860 [Worker-9] INFO  o.e.m.c.i.embedder.EclipseLogger - Using 'UTF-8' encoding to copy filtered resources.
2016-03-03 14:40:47,860 [Worker-9] INFO  o.e.m.c.i.embedder.EclipseLogger - Copying 0 resource
2016-03-03 14:40:47,863 [Worker-9] INFO  o.e.m.c.i.embedder.EclipseLogger - Using 'UTF-8' encoding to copy filtered resources.
2016-03-03 14:40:47,869 [Worker-9] INFO  o.e.m.c.i.embedder.EclipseLogger - Copying 17 resources
2016-03-03 14:55:36,258 [main] INFO  c.g.e.m.h.c.ui.Html5AppCoreUIPlugin - Pluging started
2016-03-03 14:55:42,893 [Worker-1] INFO  o.e.m.c.i.i.nexus.NexusIndexManager - Updating index for repository: central|http://repo.maven.apache.org/maven2
2016-03-03 14:55:43,334 [Worker-1] INFO  c.n.h.c.p.n.NettyAsyncHttpProvider - Number of application's worked threads is 8
2016-03-03 14:57:24,005 [ModalContext] WARN  o.e.m.i.discovery.MavenDiscovery - CatalogItem org.eclipse.m2e.discovery.lifecyclemapping.m2e-egit does not contain lifecycle mapping metadata
2016-03-03 14:57:24,007 [ModalContext] WARN  o.e.m.i.discovery.MavenDiscovery - CatalogItem org.eclipse.m2e.discovery.lifecyclemapping.m2e-subversive does not contain lifecycle mapping metadata
2016-03-03 14:57:24,009 [ModalContext] WARN  o.e.m.i.discovery.MavenDiscovery - CatalogItem org.eclipse.m2e.discovery.lifecyclemapping.m2e-subclipse does not contain lifecycle mapping metadata
2016-03-03 15:00:32,587 [Worker-8] INFO  o.e.m.c.i.l.LifecycleMappingFactory - Using org.eclipse.m2e.jdt.JarLifecycleMapping lifecycle mapping for MavenProject: com.cheyooh:cs-service-dal:1.1.6-SNAPSHOT @ D:\magicbirds\SVN\leyosdk\cs-commons\cs-service-dal\pom.xml.
